 [35mhttp[39m: [35mGET / 304 - - 3.413 ms[39m
[35m[39m
 [35mhttp[39m: [35mGET /favicon.ico 404 150 - 2.119 ms[39m
[35m[39m
 [35mhttp[39m: [35mApp listening on port 5000...[39m
 [31merror[39m: [31m'.env' file could not be loaded : Error: ENOENT: no such file or directory, open 'C:\Users\abhas\Documents\InternManagementSystem\server\.env'[39m
 [35mhttp[39m: [35mApp listening on port undefined...[39m
 [35mhttp[39m: [35mApp listening on port 5000...[39m
 [35mhttp[39m: [35mApp listening on port 5000...[39m
 [35mhttp[39m: [35mApp listening on port 5000...[39m
 [35mhttp[39m: [35mApp listening on port 5000...[39m
function createFormatWrap(opts) {
    return new Format(opts);
  } [35mhttp[39m: [35mApp listening on port 5000...[39m
 [35mhttp[39m: [35mApp listening on port 5000...[39m
 [35mhttp[39m: [35mApp listening on port 5000...[39m
 [35mhttp[39m: [35mApp listening on port 5000...[39m
 [35mhttp[39m: [35mApp listening on port 5000...[39m
 [35mhttp[39m: [35mApp listening on port 5000...[39m
 [35mhttp[39m: [35mApp listening on port 5000...[39m
 [35mhttp[39m: [35mApp listening on port 5000...[39m
 [35mhttp[39m: [35mApp listening on port 5000...[39m
 [35mhttp[39m: [35mApp listening on port 5000...[39m
 [35mhttp[39m: [35mGET / 304 - - 3.246 ms[39m
[35m[39m
 [35mhttp[39m: [35mGET /favicon.ico 404 150 - 2.466 ms[39m
[35m[39m
 [35mhttp[39m: [35mApp listening on port 5000...[39m
 [35mhttp[39m: [35mApp listening on port 5000...[39m
 [35mhttp[39m: [35mApp listening on port 5000...[39m
 [35mhttp[39m: [35mApp listening on port 5000...[39m
 [35mhttp[39m: [35mApp listening on port 5000...[39m
 [35mhttp[39m: [35mApp listening on port 5000...[39m
 [35mhttp[39m: [35mApp listening on port 5000...[39m
 [35mhttp[39m: [35mApp listening on port 5000...[39m
 [35mhttp[39m: [35mApp listening on port 5000...[39m
 [35mhttp[39m: [35mApp listening on port 5000...[39m
 [35mhttp[39m: [35mGET /api/test 200 17 - 3.440 ms[39m
[35m[39m
 [35mhttp[39m: [35mGET /favicon.ico 404 150 - 3.656 ms[39m
[35m[39m
 [35mhttp[39m: [35mApp listening on port 5000...[39m
 [35mhttp[39m: [35mApp listening on port 5000...[39m
 [35mhttp[39m: [35mApp listening on port 5000...[39m
 [35mhttp[39m: [35mApp listening on port 5000...[39m
 [35mhttp[39m: [35mApp listening on port 5000...[39m
 [35mhttp[39m: [35mApp listening on port 5000...[39m
 [35mhttp[39m: [35mApp listening on port 5000...[39m
 [35mhttp[39m: [35mApp listening on port 5000...[39m
 [35mhttp[39m: [35mApp listening on port 5000...[39m
 [35mhttp[39m: [35mApp listening on port 5000...[39m
 [35mhttp[39m: [35mApp listening on port 5000...[39m
 [35mhttp[39m: [35mApp listening on port 5000...[39m
 [35mhttp[39m: [35mApp listening on port 5000...[39m
 [35mhttp[39m: [35mApp listening on port 5000...[39m
 [35mhttp[39m: [35mApp listening on port 5000...[39m
 [35mhttp[39m: [35mApp listening on port 5000...[39m
 [35mhttp[39m: [35mApp listening on port 5000...[39m
 [35mhttp[39m: [35mApp listening on port 5000...[39m
 [31merror[39m: [31mconnect ECONNREFUSED ::1:27017[39m
 [31merror[39m: [31mconnect ECONNREFUSED ::1:27017[39m
 [31merror[39m: [31mconnect ECONNREFUSED ::1:27017[39m
 [31merror[39m: [31mconnect ECONNREFUSED ::1:27017[39m
 [35mhttp[39m: [35mInitialized db connection to mongodb://127.0.0.1:27017/test ![39m
 [35mhttp[39m: [35mInitialized db connection to mongodb://127.0.0.1:27017/test ![39m
 [35mhttp[39m: [35mInitialized db connection to mongodb://127.0.0.1:27017/test ![39m
 [35mhttp[39m: [35mInitialized db connection | Server running on port 5000... [39m
 [35mhttp[39m: [35mInitialized db connection | Server running on port 5000... [39m
 [35mhttp[39m: [35mApp listening on port 5000...[39m
 [35mhttp[39m: [35mApp listening on port 5000...[39m
 [35mhttp[39m: [35mApp listening on port 5000...[39m
 [35mhttp[39m: [35mApp listening on port 3001...[39m
 [35mhttp[39m: [35mApp listening on port 3001...[39m
 [35mhttp[39m: [35mApp listening on port 5000...[39m
 [35mhttp[39m: [35mApp listening on port 5000...[39m
 [35mhttp[39m: [35mApp listening on port 5000...[39m
 [35mhttp[39m: [35mApp listening on port 5000...[39m
 [35mhttp[39m: [35mApp listening on port 5001...[39m
 [35mhttp[39m: [35mApp listening on port 5000...[39m
 [35mhttp[39m: [35mInitialized db connection | Server running on port 5000... [39m
 [35mhttp[39m: [35mInitialized db connection[39m
 [35mhttp[39m: [35mServer running on port 5000...[39m
 [35mhttp[39m: [35mGET / 304 - - 2.293 ms[39m
[35m[39m
 [35mhttp[39m: [35mGET /favicon.ico 404 150 - 2.105 ms[39m
[35m[39m
 [35mhttp[39m: [35mGET /test 404 143 - 1.007 ms[39m
[35m[39m
 [35mhttp[39m: [35mGET /api/test 304 - - 0.667 ms[39m
[35m[39m
 [35mhttp[39m: [35mGET /favicon.ico 404 150 - 0.417 ms[39m
[35m[39m
 [35mhttp[39m: [35mInitialized db connection[39m
 [35mhttp[39m: [35mServer running on port 5000...[39m
 [35mhttp[39m: [35mGET /test 200 54 - 2.446 ms[39m
[35m[39m
 [35mhttp[39m: [35mGET /favicon.ico 200 54 - 0.608 ms[39m
[35m[39m
 [35mhttp[39m: [35mInitialized db connection[39m
 [35mhttp[39m: [35mServer running on port 5000...[39m
 [35mhttp[39m: [35mInitialized db connection[39m
 [35mhttp[39m: [35mServer running on port 5000...[39m
 [35mhttp[39m: [35mInitialized db connection[39m
 [35mhttp[39m: [35mServer running on port 5000...[39m
 [35mhttp[39m: [35mInitialized db connection[39m
 [35mhttp[39m: [35mServer running on port 5000...[39m
 [35mhttp[39m: [35mInitialized db connection[39m
 [35mhttp[39m: [35mServer running on port 5000...[39m
 [35mhttp[39m: [35mInitialized db connection[39m
 [35mhttp[39m: [35mServer running on port 5000...[39m
 [35mhttp[39m: [35mInitialized db connection[39m
 [35mhttp[39m: [35mServer running on port 5000...[39m
 [35mhttp[39m: [35mInitialized db connection[39m
 [35mhttp[39m: [35mServer running on port 5000...[39m
 [35mhttp[39m: [35mInitialized db connection[39m
 [35mhttp[39m: [35mServer running on port 5000...[39m
 [35mhttp[39m: [35mInitialized db connection[39m
 [35mhttp[39m: [35mServer running on port 5000...[39m
 [35mhttp[39m: [35mInitialized db connection[39m
 [35mhttp[39m: [35mServer running on port 5000...[39m
 [35mhttp[39m: [35mInitialized db connection[39m
 [35mhttp[39m: [35mServer running on port 5000...[39m
 [35mhttp[39m: [35mInitialized db connection[39m
 [35mhttp[39m: [35mServer running on port 5000...[39m
 [32mhttp[39m: [32mInitialized db connection[39m
 [32mhttp[39m: [32mServer running on port 5000...[39m
 [32mhttp[39m: [32mInitialized db connection[39m
 [32mhttp[39m: [32mServer running on port 5000...[39m
 [32mhttp[39m: [32mInitialized db connection[39m
 [32mhttp[39m: [32mServer running on port 5000...[39m
 [32mhttp[39m: [32mInitialized db connection[39m
 [32mhttp[39m: [32mServer running on port 5000...[39m
 [32mhttp[39m: [32mInitialized db connection[39m
 [32mhttp[39m: [32mServer running on port 5000...[39m
 [35mhttp[39m: [35mInitialized db connection[39m
 [35mhttp[39m: [35mServer running on port 5000...[39m
 [35mhttp[39m: [35mInitialized db connection[39m
 [35mhttp[39m: [35mServer running on port 5000...[39m
